{"target": -4.010621374174756, "params": {"EPOCHS": 325.1066014107722, "LAMBDA": 10.881297973768632, "steps_per_epochs": 10.004574992693795}, "datetime": {"datetime": "2020-04-15 05:37:19", "elapsed": 0.0, "delta": 0.0}}
{"target": -4.387604504337816, "params": {"EPOCHS": 290.69977178955196, "LAMBDA": 8.587023563268453, "steps_per_epochs": 13.693543790751912}, "datetime": {"datetime": "2020-04-15 08:56:39", "elapsed": 11959.60627, "delta": 11959.60627}}
{"target": -9.65980224349962, "params": {"EPOCHS": 500.0, "LAMBDA": 12.0, "steps_per_epochs": 10.0}, "datetime": {"datetime": "2020-04-15 13:22:20", "elapsed": 27900.775404, "delta": 15941.169134}}
{"target": -9.510609305346982, "params": {"EPOCHS": 326.1266709580109, "LAMBDA": 11.660250013620086, "steps_per_epochs": 10.741236117072965}, "datetime": {"datetime": "2020-04-15 16:00:46", "elapsed": 37406.442355, "delta": 9505.666951}}
{"target": -8.006281125363687, "params": {"EPOCHS": 378.75333351879567, "LAMBDA": 9.044099633202674, "steps_per_epochs": 39.86915824068349}, "datetime": {"datetime": "2020-04-16 07:22:42", "elapsed": 92722.285859, "delta": 55315.843504}}
{"target": -5.31787287747487, "params": {"EPOCHS": 268.2544604014008, "LAMBDA": 8.62235998955287, "steps_per_epochs": 47.89213804308669}, "datetime": {"datetime": "2020-04-16 14:25:01", "elapsed": 118061.854703, "delta": 25339.568844}}
{"target": -1.3290545225957073, "params": {"EPOCHS": 417.8768155643661, "LAMBDA": 10.914448055402769, "steps_per_epochs": 17.78752126329101}, "datetime": {"datetime": "2020-04-16 19:16:26", "elapsed": 135546.460257, "delta": 17484.605554}}
{"target": -4.8426651893333075, "params": {"EPOCHS": 341.0740072028224, "LAMBDA": 9.693970845460534, "steps_per_epochs": 28.876506812277327}, "datetime": {"datetime": "2020-04-17 05:24:49", "elapsed": 172050.008666, "delta": 36503.548409}}
{"target": -4.488973325493074, "params": {"EPOCHS": 486.6336726623586, "LAMBDA": 10.656285663368191, "steps_per_epochs": 28.828825597167295}, "datetime": {"datetime": "2020-04-17 13:36:23", "elapsed": 201543.132687, "delta": 29493.124021}}
{"target": -2.37803346978064, "params": {"EPOCHS": 346.619816862456, "LAMBDA": 11.364714694929095, "steps_per_epochs": 49.16273753458309}, "datetime": {"datetime": "2020-04-18 00:07:05", "elapsed": 239385.914333, "delta": 37842.781646}}
